d:\projects\gmod injector\gmod injector\x64\release\vc143.pdb
d:\projects\gmod injector\gmod injector\x64\release\main.obj
d:\projects\gmod injector\gmod injector\x64\release\imgui_widgets.obj
d:\projects\gmod injector\gmod injector\x64\release\imgui_tables.obj
d:\projects\gmod injector\gmod injector\x64\release\imgui_draw.obj
d:\projects\gmod injector\gmod injector\x64\release\imgui.obj
d:\projects\gmod injector\gmod injector\x64\release\imgui_impl_win32.obj
d:\projects\gmod injector\gmod injector\x64\release\imgui_impl_dx11.obj
d:\projects\gmod injector\x64\release\gmod injector.exe
d:\projects\gmod injector\x64\release\gmod injector.pdb
d:\projects\gmod injector\gmod injector\x64\release\gmod injector.res
d:\projects\gmod injector\gmod injector\x64\release\gmod injector.ipdb
d:\projects\gmod injector\gmod injector\x64\release\gmod injector.iobj
d:\projects\gmod injector\gmod injector\x64\release\gmod injector.tlog\cl.command.1.tlog
d:\projects\gmod injector\gmod injector\x64\release\gmod injector.tlog\cl.items.tlog
d:\projects\gmod injector\gmod injector\x64\release\gmod injector.tlog\cl.read.1.tlog
d:\projects\gmod injector\gmod injector\x64\release\gmod injector.tlog\cl.write.1.tlog
d:\projects\gmod injector\gmod injector\x64\release\gmod injector.tlog\link.command.1.tlog
d:\projects\gmod injector\gmod injector\x64\release\gmod injector.tlog\link.read.1.tlog
d:\projects\gmod injector\gmod injector\x64\release\gmod injector.tlog\link.secondary.1.tlog
d:\projects\gmod injector\gmod injector\x64\release\gmod injector.tlog\link.write.1.tlog
d:\projects\gmod injector\gmod injector\x64\release\gmod injector.tlog\rc.command.1.tlog
d:\projects\gmod injector\gmod injector\x64\release\gmod injector.tlog\rc.read.1.tlog
d:\projects\gmod injector\gmod injector\x64\release\gmod injector.tlog\rc.write.1.tlog
